# JRE version: Java(TM) SE Runtime Environment (8.0_211-b12) (build 1.8.0_211-b12)
# Java VM: Java HotSpot(TM) 64-Bit Server VM (25.211-b12 mixed mode windows-amd64 compressed oops)
Heap:
 PSYoungGen      total 69120K, used 41213K [0x00000000ebb80000, 0x00000000f0680000, 0x0000000100000000)
  eden space 62464K, 65% used [0x00000000ebb80000,0x00000000ee3bf418,0x00000000ef880000)
  from space 6656K, 0% used [0x00000000ef880000,0x00000000ef880000,0x00000000eff00000)
  to   space 5632K, 0% used [0x00000000eff00000,0x00000000eff00000,0x00000000f0480000)
 ParOldGen       total 33280K, used 8260K [0x00000000c3200000, 0x00000000c5280000, 0x00000000ebb80000)
  object space 33280K, 24% used [0x00000000c3200000,0x00000000c3a11350,0x00000000c5280000)
 Metaspace       used 24327K, capacity 25020K, committed 25344K, reserved 1071104K
  class space    used 3091K, capacity 3256K, committed 3328K, reserved 1048576K
GC Heap History (10 events):
Event: 5.339 GC heap before
{Heap before GC invocations=4 (full 0):
 PSYoungGen      total 18432K, used 18432K [0x00000000ebb80000, 0x00000000edf80000, 0x0000000100000000)
  eden space 15872K, 100% used [0x00000000ebb80000,0x00000000ecb00000,0x00000000ecb00000)
  from space 2560K, 100% used [0x00000000ecb00000,0x00000000ecd80000,0x00000000ecd80000)
  to   space 2560K, 0% used [0x00000000edd00000,0x00000000edd00000,0x00000000edf80000)
 ParOldGen       total 42496K, used 1768K [0x00000000c3200000, 0x00000000c5b80000, 0x00000000ebb80000)
  object space 42496K, 4% used [0x00000000c3200000,0x00000000c33ba010,0x00000000c5b80000)
 Metaspace       used 12508K, capacity 12870K, committed 13056K, reserved 1060864K
  class space    used 1561K, capacity 1671K, committed 1792K, reserved 1048576K
Event: 5.354 GC heap after
Heap after GC invocations=4 (full 0):
 PSYoungGen      total 34304K, used 2530K [0x00000000ebb80000, 0x00000000edf80000, 0x0000000100000000)
  eden space 31744K, 0% used [0x00000000ebb80000,0x00000000ebb80000,0x00000000eda80000)
  from space 2560K, 98% used [0x00000000edd00000,0x00000000edf78b18,0x00000000edf80000)
  to   space 2560K, 0% used [0x00000000eda80000,0x00000000eda80000,0x00000000edd00000)
 ParOldGen       total 42496K, used 3049K [0x00000000c3200000, 0x00000000c5b80000, 0x00000000ebb80000)
  object space 42496K, 7% used [0x00000000c3200000,0x00000000c34fa6e0,0x00000000c5b80000)
 Metaspace       used 12508K, capacity 12870K, committed 13056K, reserved 1060864K
  class space    used 1561K, capacity 1671K, committed 1792K, reserved 1048576K
}
Event: 6.080 GC heap before
{Heap before GC invocations=5 (full 0):
 PSYoungGen      total 34304K, used 34274K [0x00000000ebb80000, 0x00000000edf80000, 0x0000000100000000)
  eden space 31744K, 100% used [0x00000000ebb80000,0x00000000eda80000,0x00000000eda80000)
  from space 2560K, 98% used [0x00000000edd00000,0x00000000edf78b18,0x00000000edf80000)
  to   space 2560K, 0% used [0x00000000eda80000,0x00000000eda80000,0x00000000edd00000)
 ParOldGen       total 42496K, used 3050K [0x00000000c3200000, 0x00000000c5b80000, 0x00000000ebb80000)
  object space 42496K, 7% used [0x00000000c3200000,0x00000000c34fa8d8,0x00000000c5b80000)
 Metaspace       used 14622K, capacity 15030K, committed 15232K, reserved 1062912K
  class space    used 1925K, capacity 2067K, committed 2176K, reserved 1048576K
Event: 6.095 GC heap after
Heap after GC invocations=5 (full 0):
 PSYoungGen      total 34304K, used 2544K [0x00000000ebb80000, 0x00000000f0480000, 0x0000000100000000)
  eden space 31744K, 0% used [0x00000000ebb80000,0x00000000ebb80000,0x00000000eda80000)
  from space 2560K, 99% used [0x00000000eda80000,0x00000000edcfc1b8,0x00000000edd00000)
  to   space 5632K, 0% used [0x00000000eff00000,0x00000000eff00000,0x00000000f0480000)
 ParOldGen       total 42496K, used 5556K [0x00000000c3200000, 0x00000000c5b80000, 0x00000000ebb80000)
  object space 42496K, 13% used [0x00000000c3200000,0x00000000c376d190,0x00000000c5b80000)
 Metaspace       used 14622K, capacity 15030K, committed 15232K, reserved 1062912K
  class space    used 1925K, capacity 2067K, committed 2176K, reserved 1048576K
}
Event: 7.016 GC heap before
{Heap before GC invocations=6 (full 0):
 PSYoungGen      total 34304K, used 34288K [0x00000000ebb80000, 0x00000000f0480000, 0x0000000100000000)
  eden space 31744K, 100% used [0x00000000ebb80000,0x00000000eda80000,0x00000000eda80000)
  from space 2560K, 99% used [0x00000000eda80000,0x00000000edcfc1b8,0x00000000edd00000)
  to   space 5632K, 0% used [0x00000000eff00000,0x00000000eff00000,0x00000000f0480000)
 ParOldGen       total 42496K, used 5562K [0x00000000c3200000, 0x00000000c5b80000, 0x00000000ebb80000)
  object space 42496K, 13% used [0x00000000c3200000,0x00000000c376e8f8,0x00000000c5b80000)
 Metaspace       used 18494K, capacity 19010K, committed 19200K, reserved 1067008K
  class space    used 2368K, capacity 2505K, committed 2560K, reserved 1048576K
Event: 7.043 GC heap after
Heap after GC invocations=6 (full 0):
 PSYoungGen      total 68096K, used 5606K [0x00000000ebb80000, 0x00000000f0680000, 0x0000000100000000)
  eden space 62464K, 0% used [0x00000000ebb80000,0x00000000ebb80000,0x00000000ef880000)
  from space 5632K, 99% used [0x00000000eff00000,0x00000000f0479890,0x00000000f0480000)
  to   space 6656K, 0% used [0x00000000ef880000,0x00000000ef880000,0x00000000eff00000)
 ParOldGen       total 42496K, used 6019K [0x00000000c3200000, 0x00000000c5b80000, 0x00000000ebb80000)
  object space 42496K, 14% used [0x00000000c3200000,0x00000000c37e0f48,0x00000000c5b80000)
 Metaspace       used 18494K, capacity 19010K, committed 19200K, reserved 1067008K
  class space    used 2368K, capacity 2505K, committed 2560K, reserved 1048576K
}
Event: 7.750 GC heap before
{Heap before GC invocations=7 (full 0):
 PSYoungGen      total 68096K, used 63079K [0x00000000ebb80000, 0x00000000f0680000, 0x0000000100000000)
  eden space 62464K, 92% used [0x00000000ebb80000,0x00000000ef3a0680,0x00000000ef880000)
  from space 5632K, 99% used [0x00000000eff00000,0x00000000f0479890,0x00000000f0480000)
  to   space 6656K, 0% used [0x00000000ef880000,0x00000000ef880000,0x00000000eff00000)
 ParOldGen       total 42496K, used 6019K [0x00000000c3200000, 0x00000000c5b80000, 0x00000000ebb80000)
  object space 42496K, 14% used [0x00000000c3200000,0x00000000c37e0f48,0x00000000c5b80000)
 Metaspace       used 20696K, capacity 21190K, committed 21248K, reserved 1067008K
  class space    used 2648K, capacity 2781K, committed 2816K, reserved 1048576K
Event: 7.771 GC heap after
Heap after GC invocations=7 (full 0):
 PSYoungGen      total 69120K, used 5032K [0x00000000ebb80000, 0x00000000f0680000, 0x0000000100000000)
  eden space 62464K, 0% used [0x00000000ebb80000,0x00000000ebb80000,0x00000000ef880000)
  from space 6656K, 75% used [0x00000000ef880000,0x00000000efd6a0f8,0x00000000eff00000)
  to   space 5632K, 0% used [0x00000000eff00000,0x00000000eff00000,0x00000000f0480000)
 ParOldGen       total 42496K, used 7374K [0x00000000c3200000, 0x00000000c5b80000, 0x00000000ebb80000)
  object space 42496K, 17% used [0x00000000c3200000,0x00000000c3933ae8,0x00000000c5b80000)
 Metaspace       used 20696K, capacity 21190K, committed 21248K, reserved 1067008K
  class space    used 2648K, capacity 2781K, committed 2816K, reserved 1048576K
}
Event: 7.771 GC heap before
{Heap before GC invocations=8 (full 1):
 PSYoungGen      total 69120K, used 5032K [0x00000000ebb80000, 0x00000000f0680000, 0x0000000100000000)
  eden space 62464K, 0% used [0x00000000ebb80000,0x00000000ebb80000,0x00000000ef880000)
  from space 6656K, 75% used [0x00000000ef880000,0x00000000efd6a0f8,0x00000000eff00000)
  to   space 5632K, 0% used [0x00000000eff00000,0x00000000eff00000,0x00000000f0480000)
 ParOldGen       total 42496K, used 7374K [0x00000000c3200000, 0x00000000c5b80000, 0x00000000ebb80000)
  object space 42496K, 17% used [0x00000000c3200000,0x00000000c3933ae8,0x00000000c5b80000)
 Metaspace       used 20696K, capacity 21190K, committed 21248K, reserved 1067008K
  class space    used 2648K, capacity 2781K, committed 2816K, reserved 1048576K
Event: 7.873 GC heap after
Heap after GC invocations=8 (full 1):
 PSYoungGen      total 69120K, used 0K [0x00000000ebb80000, 0x00000000f0680000, 0x0000000100000000)
  eden space 62464K, 0% used [0x00000000ebb80000,0x00000000ebb80000,0x00000000ef880000)
  from space 6656K, 0% used [0x00000000ef880000,0x00000000ef880000,0x00000000eff00000)
  to   space 5632K, 0% used [0x00000000eff00000,0x00000000eff00000,0x00000000f0480000)
 ParOldGen       total 33280K, used 8260K [0x00000000c3200000, 0x00000000c5280000, 0x00000000ebb80000)
  object space 33280K, 24% used [0x00000000c3200000,0x00000000c3a11350,0x00000000c5280000)
 Metaspace       used 20695K, capacity 21184K, committed 21248K, reserved 1067008K
  class space    used 2648K, capacity 2780K, committed 2816K, reserved 1048576K
}

