# JRE version: Java(TM) SE Runtime Environment (8.0_211-b12) (build 1.8.0_211-b12)
# Java VM: Java HotSpot(TM) 64-Bit Server VM (25.211-b12 mixed mode windows-amd64 compressed oops)
Heap:
 PSYoungGen      total 90112K, used 23195K [0x00000000ebb80000, 0x00000000f1e00000, 0x0000000100000000)
  eden space 82432K, 20% used [0x00000000ebb80000,0x00000000ecbfbcf0,0x00000000f0c00000)
  from space 7680K, 82% used [0x00000000f1680000,0x00000000f1caafa0,0x00000000f1e00000)
  to   space 9216K, 0% used [0x00000000f0c00000,0x00000000f0c00000,0x00000000f1500000)
 ParOldGen       total 31744K, used 13253K [0x00000000c3200000, 0x00000000c5100000, 0x00000000ebb80000)
  object space 31744K, 41% used [0x00000000c3200000,0x00000000c3ef1710,0x00000000c5100000)
 Metaspace       used 33427K, capacity 34956K, committed 35072K, reserved 1079296K
  class space    used 4289K, capacity 4578K, committed 4608K, reserved 1048576K
GC Heap History (10 events):
Event: 8.592 GC heap before
{Heap before GC invocations=7 (full 0):
 PSYoungGen      total 68096K, used 62804K [0x00000000ebb80000, 0x00000000f0680000, 0x0000000100000000)
  eden space 62464K, 91% used [0x00000000ebb80000,0x00000000ef35cc58,0x00000000ef880000)
  from space 5632K, 99% used [0x00000000eff00000,0x00000000f0478688,0x00000000f0480000)
  to   space 6656K, 0% used [0x00000000ef880000,0x00000000ef880000,0x00000000eff00000)
 ParOldGen       total 42496K, used 6240K [0x00000000c3200000, 0x00000000c5b80000, 0x00000000ebb80000)
  object space 42496K, 14% used [0x00000000c3200000,0x00000000c3818088,0x00000000c5b80000)
 Metaspace       used 20683K, capacity 21186K, committed 21248K, reserved 1067008K
  class space    used 2645K, capacity 2781K, committed 2816K, reserved 1048576K
Event: 8.613 GC heap after
Heap after GC invocations=7 (full 0):
 PSYoungGen      total 69120K, used 4914K [0x00000000ebb80000, 0x00000000f0680000, 0x0000000100000000)
  eden space 62464K, 0% used [0x00000000ebb80000,0x00000000ebb80000,0x00000000ef880000)
  from space 6656K, 73% used [0x00000000ef880000,0x00000000efd4c970,0x00000000eff00000)
  to   space 5632K, 0% used [0x00000000eff00000,0x00000000eff00000,0x00000000f0480000)
 ParOldGen       total 42496K, used 7558K [0x00000000c3200000, 0x00000000c5b80000, 0x00000000ebb80000)
  object space 42496K, 17% used [0x00000000c3200000,0x00000000c3961a88,0x00000000c5b80000)
 Metaspace       used 20683K, capacity 21186K, committed 21248K, reserved 1067008K
  class space    used 2645K, capacity 2781K, committed 2816K, reserved 1048576K
}
Event: 8.614 GC heap before
{Heap before GC invocations=8 (full 1):
 PSYoungGen      total 69120K, used 4914K [0x00000000ebb80000, 0x00000000f0680000, 0x0000000100000000)
  eden space 62464K, 0% used [0x00000000ebb80000,0x00000000ebb80000,0x00000000ef880000)
  from space 6656K, 73% used [0x00000000ef880000,0x00000000efd4c970,0x00000000eff00000)
  to   space 5632K, 0% used [0x00000000eff00000,0x00000000eff00000,0x00000000f0480000)
 ParOldGen       total 42496K, used 7558K [0x00000000c3200000, 0x00000000c5b80000, 0x00000000ebb80000)
  object space 42496K, 17% used [0x00000000c3200000,0x00000000c3961a88,0x00000000c5b80000)
 Metaspace       used 20683K, capacity 21186K, committed 21248K, reserved 1067008K
  class space    used 2645K, capacity 2781K, committed 2816K, reserved 1048576K
Event: 8.709 GC heap after
Heap after GC invocations=8 (full 1):
 PSYoungGen      total 69120K, used 0K [0x00000000ebb80000, 0x00000000f0680000, 0x0000000100000000)
  eden space 62464K, 0% used [0x00000000ebb80000,0x00000000ebb80000,0x00000000ef880000)
  from space 6656K, 0% used [0x00000000ef880000,0x00000000ef880000,0x00000000eff00000)
  to   space 5632K, 0% used [0x00000000eff00000,0x00000000eff00000,0x00000000f0480000)
 ParOldGen       total 31744K, used 7000K [0x00000000c3200000, 0x00000000c5100000, 0x00000000ebb80000)
  object space 31744K, 22% used [0x00000000c3200000,0x00000000c38d6360,0x00000000c5100000)
 Metaspace       used 20683K, capacity 21186K, committed 21248K, reserved 1067008K
  class space    used 2645K, capacity 2781K, committed 2816K, reserved 1048576K
}
Event: 11.639 GC heap before
{Heap before GC invocations=9 (full 1):
 PSYoungGen      total 69120K, used 62464K [0x00000000ebb80000, 0x00000000f0680000, 0x0000000100000000)
  eden space 62464K, 100% used [0x00000000ebb80000,0x00000000ef880000,0x00000000ef880000)
  from space 6656K, 0% used [0x00000000ef880000,0x00000000ef880000,0x00000000eff00000)
  to   space 5632K, 0% used [0x00000000eff00000,0x00000000eff00000,0x00000000f0480000)
 ParOldGen       total 31744K, used 7000K [0x00000000c3200000, 0x00000000c5100000, 0x00000000ebb80000)
  object space 31744K, 22% used [0x00000000c3200000,0x00000000c38d6360,0x00000000c5100000)
 Metaspace       used 25485K, capacity 26330K, committed 26624K, reserved 1073152K
  class space    used 3251K, capacity 3457K, committed 3584K, reserved 1048576K
Event: 11.656 GC heap after
Heap after GC invocations=9 (full 1):
 PSYoungGen      total 68096K, used 5613K [0x00000000ebb80000, 0x00000000f0680000, 0x0000000100000000)
  eden space 62464K, 0% used [0x00000000ebb80000,0x00000000ebb80000,0x00000000ef880000)
  from space 5632K, 99% used [0x00000000eff00000,0x00000000f047b708,0x00000000f0480000)
  to   space 6656K, 0% used [0x00000000ef880000,0x00000000ef880000,0x00000000eff00000)
 ParOldGen       total 31744K, used 7829K [0x00000000c3200000, 0x00000000c5100000, 0x00000000ebb80000)
  object space 31744K, 24% used [0x00000000c3200000,0x00000000c39a5660,0x00000000c5100000)
 Metaspace       used 25485K, capacity 26330K, committed 26624K, reserved 1073152K
  class space    used 3251K, capacity 3457K, committed 3584K, reserved 1048576K
}
Event: 15.454 GC heap before
{Heap before GC invocations=10 (full 1):
 PSYoungGen      total 68096K, used 68077K [0x00000000ebb80000, 0x00000000f0680000, 0x0000000100000000)
  eden space 62464K, 100% used [0x00000000ebb80000,0x00000000ef880000,0x00000000ef880000)
  from space 5632K, 99% used [0x00000000eff00000,0x00000000f047b708,0x00000000f0480000)
  to   space 6656K, 0% used [0x00000000ef880000,0x00000000ef880000,0x00000000eff00000)
 ParOldGen       total 31744K, used 7829K [0x00000000c3200000, 0x00000000c5100000, 0x00000000ebb80000)
  object space 31744K, 24% used [0x00000000c3200000,0x00000000c39a5660,0x00000000c5100000)
 Metaspace       used 29778K, capacity 30918K, committed 31232K, reserved 1077248K
  class space    used 3825K, capacity 4071K, committed 4096K, reserved 1048576K
Event: 15.486 GC heap after
Heap after GC invocations=10 (full 1):
 PSYoungGen      total 69120K, used 6630K [0x00000000ebb80000, 0x00000000f1f80000, 0x0000000100000000)
  eden space 62464K, 0% used [0x00000000ebb80000,0x00000000ebb80000,0x00000000ef880000)
  from space 6656K, 99% used [0x00000000ef880000,0x00000000efef9b88,0x00000000eff00000)
  to   space 9216K, 0% used [0x00000000f1680000,0x00000000f1680000,0x00000000f1f80000)
 ParOldGen       total 31744K, used 10077K [0x00000000c3200000, 0x00000000c5100000, 0x00000000ebb80000)
  object space 31744K, 31% used [0x00000000c3200000,0x00000000c3bd76f8,0x00000000c5100000)
 Metaspace       used 29778K, capacity 30918K, committed 31232K, reserved 1077248K
  class space    used 3825K, capacity 4071K, committed 4096K, reserved 1048576K
}
Event: 19.841 GC heap before
{Heap before GC invocations=11 (full 1):
 PSYoungGen      total 69120K, used 69094K [0x00000000ebb80000, 0x00000000f1f80000, 0x0000000100000000)
  eden space 62464K, 100% used [0x00000000ebb80000,0x00000000ef880000,0x00000000ef880000)
  from space 6656K, 99% used [0x00000000ef880000,0x00000000efef9b88,0x00000000eff00000)
  to   space 9216K, 0% used [0x00000000f1680000,0x00000000f1680000,0x00000000f1f80000)
 ParOldGen       total 31744K, used 10077K [0x00000000c3200000, 0x00000000c5100000, 0x00000000ebb80000)
  object space 31744K, 31% used [0x00000000c3200000,0x00000000c3bd76f8,0x00000000c5100000)
 Metaspace       used 32545K, capacity 34052K, committed 34176K, reserved 1079296K
  class space    used 4170K, capacity 4460K, committed 4480K, reserved 1048576K
Event: 19.863 GC heap after
Heap after GC invocations=11 (full 1):
 PSYoungGen      total 90112K, used 6315K [0x00000000ebb80000, 0x00000000f1e00000, 0x0000000100000000)
  eden space 82432K, 0% used [0x00000000ebb80000,0x00000000ebb80000,0x00000000f0c00000)
  from space 7680K, 82% used [0x00000000f1680000,0x00000000f1caafa0,0x00000000f1e00000)
  to   space 9216K, 0% used [0x00000000f0c00000,0x00000000f0c00000,0x00000000f1500000)
 ParOldGen       total 31744K, used 13253K [0x00000000c3200000, 0x00000000c5100000, 0x00000000ebb80000)
  object space 31744K, 41% used [0x00000000c3200000,0x00000000c3ef1710,0x00000000c5100000)
 Metaspace       used 32545K, capacity 34052K, committed 34176K, reserved 1079296K
  class space    used 4170K, capacity 4460K, committed 4480K, reserved 1048576K
}

